2025-08-21 08:13:09,804 - INFO - 使用设备: cpu
2025-08-21 08:13:09,804 - INFO - 加载图数据...
2025-08-21 08:13:09,805 - INFO - 图节点数: 34, 边数: 78
2025-08-21 08:13:09,815 - INFO - 开始纵向图联邦学习训练...
2025-08-21 08:13:09,815 - INFO - 
全局轮次 1/20
2025-08-21 08:13:09,815 - INFO - 客户端 0 本地训练中...
2025-08-21 08:13:11,157 - INFO - 客户端 1 本地训练中...
2025-08-21 08:13:11,162 - INFO - 客户端 2 本地训练中...
2025-08-21 08:13:11,168 - WARNING - 没有可聚合的有效梯度
2025-08-21 08:13:11,168 - WARNING - 第{epoch+1}轮没有有效的聚合损失
2025-08-21 08:13:11,168 - WARNING - 没有有效梯度用于全局更新
2025-08-21 08:13:11,180 - INFO - 当前性能: 准确率=0.6364, 宏F1=0.6071, 损失=0.6896
2025-08-21 08:13:11,180 - INFO - 
全局轮次 2/20
2025-08-21 08:13:11,186 - INFO - 客户端 0 本地训练中...
2025-08-21 08:13:11,210 - INFO - 客户端 1 本地训练中...
2025-08-21 08:13:11,216 - INFO - 客户端 2 本地训练中...
2025-08-21 08:13:11,222 - WARNING - 没有可聚合的有效梯度
2025-08-21 08:13:11,222 - WARNING - 第{epoch+1}轮没有有效的聚合损失
2025-08-21 08:13:11,222 - WARNING - 没有有效梯度用于全局更新
2025-08-21 08:13:11,234 - INFO - 当前性能: 准确率=0.8182, 宏F1=0.8036, 损失=0.6595
2025-08-21 08:13:11,234 - INFO - 
全局轮次 3/20
2025-08-21 08:13:11,234 - INFO - 客户端 0 本地训练中...
2025-08-21 08:13:11,259 - INFO - 客户端 1 本地训练中...
2025-08-21 08:13:11,264 - INFO - 客户端 2 本地训练中...
2025-08-21 08:13:11,271 - WARNING - 没有可聚合的有效梯度
2025-08-21 08:13:11,271 - WARNING - 第{epoch+1}轮没有有效的聚合损失
2025-08-21 08:13:11,271 - WARNING - 没有有效梯度用于全局更新
2025-08-21 08:13:11,283 - INFO - 当前性能: 准确率=0.5455, 宏F1=0.3529, 损失=0.6732
2025-08-21 08:13:11,283 - INFO - 
全局轮次 4/20
2025-08-21 08:13:11,283 - INFO - 客户端 0 本地训练中...
2025-08-21 08:13:11,304 - INFO - 客户端 1 本地训练中...
2025-08-21 08:13:11,310 - INFO - 客户端 2 本地训练中...
2025-08-21 08:13:11,316 - WARNING - 没有可聚合的有效梯度
2025-08-21 08:13:11,316 - WARNING - 第{epoch+1}轮没有有效的聚合损失
2025-08-21 08:13:11,316 - WARNING - 没有有效梯度用于全局更新
2025-08-21 08:13:11,328 - INFO - 当前性能: 准确率=0.7273, 宏F1=0.6857, 损失=0.6682
2025-08-21 08:13:11,328 - INFO - 
全局轮次 5/20
2025-08-21 08:13:11,328 - INFO - 客户端 0 本地训练中...
2025-08-21 08:13:11,349 - INFO - 客户端 1 本地训练中...
2025-08-21 08:13:11,355 - INFO - 客户端 2 本地训练中...
2025-08-21 08:13:11,361 - WARNING - 没有可聚合的有效梯度
2025-08-21 08:13:11,361 - WARNING - 第{epoch+1}轮没有有效的聚合损失
2025-08-21 08:13:11,361 - WARNING - 没有有效梯度用于全局更新
2025-08-21 08:13:11,380 - INFO - 当前性能: 准确率=0.9091, 宏F1=0.9060, 损失=0.6376
2025-08-21 08:13:11,380 - INFO - 
全局轮次 6/20
2025-08-21 08:13:11,380 - INFO - 客户端 0 本地训练中...
2025-08-21 08:13:11,413 - INFO - 客户端 1 本地训练中...
2025-08-21 08:13:11,422 - INFO - 客户端 2 本地训练中...
2025-08-21 08:13:11,429 - WARNING - 没有可聚合的有效梯度
2025-08-21 08:13:11,429 - WARNING - 第{epoch+1}轮没有有效的聚合损失
2025-08-21 08:13:11,429 - WARNING - 没有有效梯度用于全局更新
2025-08-21 08:13:11,443 - INFO - 当前性能: 准确率=0.6364, 宏F1=0.5417, 损失=0.6605
2025-08-21 08:13:11,443 - INFO - 
全局轮次 7/20
2025-08-21 08:13:11,443 - INFO - 客户端 0 本地训练中...
2025-08-21 08:13:11,467 - INFO - 客户端 1 本地训练中...
2025-08-21 08:13:11,475 - INFO - 客户端 2 本地训练中...
2025-08-21 08:13:11,481 - WARNING - 没有可聚合的有效梯度
2025-08-21 08:13:11,481 - WARNING - 第{epoch+1}轮没有有效的聚合损失
2025-08-21 08:13:11,481 - WARNING - 没有有效梯度用于全局更新
2025-08-21 08:13:11,493 - INFO - 当前性能: 准确率=0.6364, 宏F1=0.6071, 损失=0.6708
2025-08-21 08:13:11,493 - INFO - 
全局轮次 8/20
2025-08-21 08:13:11,494 - INFO - 客户端 0 本地训练中...
2025-08-21 08:13:11,517 - INFO - 客户端 1 本地训练中...
2025-08-21 08:13:11,522 - INFO - 客户端 2 本地训练中...
2025-08-21 08:13:11,528 - WARNING - 没有可聚合的有效梯度
2025-08-21 08:13:11,528 - WARNING - 第{epoch+1}轮没有有效的聚合损失
2025-08-21 08:13:11,528 - WARNING - 没有有效梯度用于全局更新
2025-08-21 08:13:11,540 - INFO - 当前性能: 准确率=0.5455, 宏F1=0.4762, 损失=0.6927
2025-08-21 08:13:11,540 - INFO - 
全局轮次 9/20
2025-08-21 08:13:11,540 - INFO - 客户端 0 本地训练中...
2025-08-21 08:13:11,562 - INFO - 客户端 1 本地训练中...
2025-08-21 08:13:11,567 - INFO - 客户端 2 本地训练中...
2025-08-21 08:13:11,573 - WARNING - 没有可聚合的有效梯度
2025-08-21 08:13:11,573 - WARNING - 第{epoch+1}轮没有有效的聚合损失
2025-08-21 08:13:11,573 - WARNING - 没有有效梯度用于全局更新
2025-08-21 08:13:11,585 - INFO - 当前性能: 准确率=0.6364, 宏F1=0.5417, 损失=0.6756
2025-08-21 08:13:11,585 - INFO - 
全局轮次 10/20
2025-08-21 08:13:11,585 - INFO - 客户端 0 本地训练中...
2025-08-21 08:13:11,613 - INFO - 客户端 1 本地训练中...
2025-08-21 08:13:11,619 - INFO - 客户端 2 本地训练中...
2025-08-21 08:13:11,625 - WARNING - 没有可聚合的有效梯度
2025-08-21 08:13:11,625 - WARNING - 第{epoch+1}轮没有有效的聚合损失
2025-08-21 08:13:11,625 - WARNING - 没有有效梯度用于全局更新
2025-08-21 08:13:11,639 - INFO - 当前性能: 准确率=0.6364, 宏F1=0.5417, 损失=0.6761
2025-08-21 08:13:11,639 - INFO - 
全局轮次 11/20
2025-08-21 08:13:11,639 - INFO - 客户端 0 本地训练中...
2025-08-21 08:13:11,663 - INFO - 客户端 1 本地训练中...
2025-08-21 08:13:11,669 - INFO - 客户端 2 本地训练中...
2025-08-21 08:13:11,675 - WARNING - 没有可聚合的有效梯度
2025-08-21 08:13:11,676 - WARNING - 第{epoch+1}轮没有有效的聚合损失
2025-08-21 08:13:11,676 - WARNING - 没有有效梯度用于全局更新
2025-08-21 08:13:11,690 - INFO - 当前性能: 准确率=0.4545, 宏F1=0.4500, 损失=0.6884
2025-08-21 08:13:11,690 - INFO - 
全局轮次 12/20
2025-08-21 08:13:11,690 - INFO - 客户端 0 本地训练中...
2025-08-21 08:13:11,713 - INFO - 客户端 1 本地训练中...
2025-08-21 08:13:11,720 - INFO - 客户端 2 本地训练中...
2025-08-21 08:13:11,726 - WARNING - 没有可聚合的有效梯度
2025-08-21 08:13:11,726 - WARNING - 第{epoch+1}轮没有有效的聚合损失
2025-08-21 08:13:11,726 - WARNING - 没有有效梯度用于全局更新
2025-08-21 08:13:11,737 - INFO - 当前性能: 准确率=0.8182, 宏F1=0.7708, 损失=0.6613
2025-08-21 08:13:11,737 - INFO - 
全局轮次 13/20
2025-08-21 08:13:11,738 - INFO - 客户端 0 本地训练中...
2025-08-21 08:13:11,759 - INFO - 客户端 1 本地训练中...
2025-08-21 08:13:11,765 - INFO - 客户端 2 本地训练中...
2025-08-21 08:13:11,771 - WARNING - 没有可聚合的有效梯度
2025-08-21 08:13:11,771 - WARNING - 第{epoch+1}轮没有有效的聚合损失
2025-08-21 08:13:11,771 - WARNING - 没有有效梯度用于全局更新
2025-08-21 08:13:11,784 - INFO - 当前性能: 准确率=0.5455, 宏F1=0.5455, 损失=0.6956
2025-08-21 08:13:11,784 - INFO - 
全局轮次 14/20
2025-08-21 08:13:11,784 - INFO - 客户端 0 本地训练中...
2025-08-21 08:13:11,812 - INFO - 客户端 1 本地训练中...
2025-08-21 08:13:11,819 - INFO - 客户端 2 本地训练中...
2025-08-21 08:13:11,826 - WARNING - 没有可聚合的有效梯度
2025-08-21 08:13:11,826 - WARNING - 第{epoch+1}轮没有有效的聚合损失
2025-08-21 08:13:11,826 - WARNING - 没有有效梯度用于全局更新
2025-08-21 08:13:11,839 - INFO - 当前性能: 准确率=0.7273, 宏F1=0.7179, 损失=0.6511
2025-08-21 08:13:11,839 - INFO - 
全局轮次 15/20
2025-08-21 08:13:11,839 - INFO - 客户端 0 本地训练中...
2025-08-21 08:13:11,864 - INFO - 客户端 1 本地训练中...
2025-08-21 08:13:11,870 - INFO - 客户端 2 本地训练中...
2025-08-21 08:13:11,876 - WARNING - 没有可聚合的有效梯度
2025-08-21 08:13:11,876 - WARNING - 第{epoch+1}轮没有有效的聚合损失
2025-08-21 08:13:11,876 - WARNING - 没有有效梯度用于全局更新
2025-08-21 08:13:11,889 - INFO - 当前性能: 准确率=0.4545, 宏F1=0.4107, 损失=0.6881
2025-08-21 08:13:11,889 - INFO - 
全局轮次 16/20
2025-08-21 08:13:11,889 - INFO - 客户端 0 本地训练中...
2025-08-21 08:13:11,912 - INFO - 客户端 1 本地训练中...
2025-08-21 08:13:11,918 - INFO - 客户端 2 本地训练中...
2025-08-21 08:13:11,925 - WARNING - 没有可聚合的有效梯度
2025-08-21 08:13:11,925 - WARNING - 第{epoch+1}轮没有有效的聚合损失
2025-08-21 08:13:11,925 - WARNING - 没有有效梯度用于全局更新
2025-08-21 08:13:11,936 - INFO - 当前性能: 准确率=0.6364, 宏F1=0.6071, 损失=0.6897
2025-08-21 08:13:11,937 - INFO - 
全局轮次 17/20
2025-08-21 08:13:11,937 - INFO - 客户端 0 本地训练中...
2025-08-21 08:13:11,960 - INFO - 客户端 1 本地训练中...
2025-08-21 08:13:11,966 - INFO - 客户端 2 本地训练中...
2025-08-21 08:13:11,971 - WARNING - 没有可聚合的有效梯度
2025-08-21 08:13:11,971 - WARNING - 第{epoch+1}轮没有有效的聚合损失
2025-08-21 08:13:11,972 - WARNING - 没有有效梯度用于全局更新
2025-08-21 08:13:11,983 - INFO - 当前性能: 准确率=0.7273, 宏F1=0.7273, 损失=0.6572
2025-08-21 08:13:11,983 - INFO - 
全局轮次 18/20
2025-08-21 08:13:11,983 - INFO - 客户端 0 本地训练中...
2025-08-21 08:13:12,006 - INFO - 客户端 1 本地训练中...
2025-08-21 08:13:12,012 - INFO - 客户端 2 本地训练中...
2025-08-21 08:13:12,018 - WARNING - 没有可聚合的有效梯度
2025-08-21 08:13:12,018 - WARNING - 第{epoch+1}轮没有有效的聚合损失
2025-08-21 08:13:12,018 - WARNING - 没有有效梯度用于全局更新
2025-08-21 08:13:12,035 - INFO - 当前性能: 准确率=0.6364, 宏F1=0.6071, 损失=0.6758
2025-08-21 08:13:12,035 - INFO - 
全局轮次 19/20
2025-08-21 08:13:12,036 - INFO - 客户端 0 本地训练中...
2025-08-21 08:13:12,067 - INFO - 客户端 1 本地训练中...
2025-08-21 08:13:12,076 - INFO - 客户端 2 本地训练中...
2025-08-21 08:13:12,083 - WARNING - 没有可聚合的有效梯度
2025-08-21 08:13:12,083 - WARNING - 第{epoch+1}轮没有有效的聚合损失
2025-08-21 08:13:12,083 - WARNING - 没有有效梯度用于全局更新
2025-08-21 08:13:12,097 - INFO - 当前性能: 准确率=0.5455, 宏F1=0.4762, 损失=0.6873
2025-08-21 08:13:12,097 - INFO - 
全局轮次 20/20
2025-08-21 08:13:12,097 - INFO - 客户端 0 本地训练中...
2025-08-21 08:13:12,120 - INFO - 客户端 1 本地训练中...
2025-08-21 08:13:12,127 - INFO - 客户端 2 本地训练中...
2025-08-21 08:13:12,133 - WARNING - 没有可聚合的有效梯度
2025-08-21 08:13:12,133 - WARNING - 第{epoch+1}轮没有有效的聚合损失
2025-08-21 08:13:12,133 - WARNING - 没有有效梯度用于全局更新
2025-08-21 08:13:12,145 - INFO - 当前性能: 准确率=0.5455, 宏F1=0.5299, 损失=0.6874
2025-08-21 08:13:13,426 - INFO - 
最终模型评估报告:
2025-08-21 08:13:13,427 - INFO - 准确率: 0.5455
2025-08-21 08:13:13,427 - INFO - 宏F1: 0.5299
2025-08-21 08:13:13,427 - INFO - 微F1: 0.5455
2025-08-21 08:13:13,427 - INFO - 加权F1: 0.5532
2025-08-21 08:13:13,427 - INFO - 损失: 0.6874
